<?xml version="1.0" encoding="UTF-8"?>
<testng-results ignored="0" total="6" passed="6" failed="0" skipped="0">
  <reporter-output>
  </reporter-output>
  <suite started-at="2024-10-02T05:26:29 GMT" name="vendor-portal" finished-at="2024-10-02T05:26:37 GMT" duration-ms="7901">
    <groups>
    </groups>
    <test started-at="2024-10-02T05:26:29 GMT" name="user-mike" finished-at="2024-10-02T05:26:35 GMT" duration-ms="6707">
      <class name="org.automation.tests.vendorportal.VendorPortalTest">
        <test-method is-config="true" signature="setupConfig()[pri:0, instance:org.automation.tests.vendorportal.VendorPortalTest@5d066c7d]" started-at="2024-10-02T05:26:29 GMT" name="setupConfig" finished-at="2024-10-02T05:26:29 GMT" duration-ms="13" status="PASS">
          <reporter-output>
          </reporter-output>
        </test-method> <!-- setupConfig -->
        <test-method is-config="true" signature="setDriver(org.testng.ITestContext)[pri:0, instance:org.automation.tests.vendorportal.VendorPortalTest@5d066c7d]" started-at="2024-10-02T05:26:29 GMT" name="setDriver" finished-at="2024-10-02T05:26:30 GMT" duration-ms="1594" status="PASS">
          <params>
            <param index="0">
              <value>
                <![CDATA[org.testng.TestRunner@6ee6f53]]>
              </value>
            </param>
          </params>
          <reporter-output>
          </reporter-output>
        </test-method> <!-- setDriver -->
        <test-method is-config="true" signature="setPageObjects(java.lang.String)[pri:0, instance:org.automation.tests.vendorportal.VendorPortalTest@5d066c7d]" started-at="2024-10-02T05:26:30 GMT" name="setPageObjects" finished-at="2024-10-02T05:26:31 GMT" depends-on-methods="org.automation.tests.AbstractTest.setDriver" duration-ms="187" status="PASS">
          <params>
            <param index="0">
              <value>
                <![CDATA[test-data/vendor-portal/mike.json]]>
              </value>
            </param>
          </params>
          <reporter-output>
          </reporter-output>
        </test-method> <!-- setPageObjects -->
        <test-method signature="loginTest()[pri:0, instance:org.automation.tests.vendorportal.VendorPortalTest@5d066c7d]" started-at="2024-10-02T05:26:31 GMT" name="loginTest" finished-at="2024-10-02T05:26:32 GMT" duration-ms="1033" status="PASS">
          <reporter-output>
          </reporter-output>
        </test-method> <!-- loginTest -->
        <test-method signature="dashboardTest()[pri:0, instance:org.automation.tests.vendorportal.VendorPortalTest@5d066c7d]" started-at="2024-10-02T05:26:32 GMT" name="dashboardTest" finished-at="2024-10-02T05:26:34 GMT" depends-on-methods="org.automation.tests.vendorportal.VendorPortalTest.loginTest" duration-ms="2846" status="PASS">
          <reporter-output>
          </reporter-output>
        </test-method> <!-- dashboardTest -->
        <test-method signature="logoutTest()[pri:0, instance:org.automation.tests.vendorportal.VendorPortalTest@5d066c7d]" started-at="2024-10-02T05:26:34 GMT" name="logoutTest" finished-at="2024-10-02T05:26:35 GMT" depends-on-methods="org.automation.tests.vendorportal.VendorPortalTest.dashboardTest" duration-ms="944" status="PASS">
          <reporter-output>
          </reporter-output>
        </test-method> <!-- logoutTest -->
        <test-method is-config="true" signature="quitDriver()[pri:0, instance:org.automation.tests.vendorportal.VendorPortalTest@5d066c7d]" started-at="2024-10-02T05:26:35 GMT" name="quitDriver" finished-at="2024-10-02T05:26:35 GMT" duration-ms="81" status="PASS">
          <reporter-output>
          </reporter-output>
        </test-method> <!-- quitDriver -->
      </class> <!-- org.automation.tests.vendorportal.VendorPortalTest -->
    </test> <!-- user-mike -->
    <test started-at="2024-10-02T05:26:29 GMT" name="user-sam" finished-at="2024-10-02T05:26:37 GMT" duration-ms="7901">
      <class name="org.automation.tests.vendorportal.VendorPortalTest">
        <test-method is-config="true" signature="setDriver(org.testng.ITestContext)[pri:0, instance:org.automation.tests.vendorportal.VendorPortalTest@56673b2c]" started-at="2024-10-02T05:26:29 GMT" name="setDriver" finished-at="2024-10-02T05:26:30 GMT" duration-ms="1593" status="PASS">
          <params>
            <param index="0">
              <value>
                <![CDATA[org.testng.TestRunner@421bba99]]>
              </value>
            </param>
          </params>
          <reporter-output>
          </reporter-output>
        </test-method> <!-- setDriver -->
        <test-method is-config="true" signature="setPageObjects(java.lang.String)[pri:0, instance:org.automation.tests.vendorportal.VendorPortalTest@56673b2c]" started-at="2024-10-02T05:26:30 GMT" name="setPageObjects" finished-at="2024-10-02T05:26:31 GMT" depends-on-methods="org.automation.tests.AbstractTest.setDriver" duration-ms="187" status="PASS">
          <params>
            <param index="0">
              <value>
                <![CDATA[test-data/vendor-portal/sam.json]]>
              </value>
            </param>
          </params>
          <reporter-output>
          </reporter-output>
        </test-method> <!-- setPageObjects -->
        <test-method signature="loginTest()[pri:0, instance:org.automation.tests.vendorportal.VendorPortalTest@56673b2c]" started-at="2024-10-02T05:26:31 GMT" name="loginTest" finished-at="2024-10-02T05:26:32 GMT" duration-ms="1027" status="PASS">
          <reporter-output>
          </reporter-output>
        </test-method> <!-- loginTest -->
        <test-method signature="dashboardTest()[pri:0, instance:org.automation.tests.vendorportal.VendorPortalTest@56673b2c]" started-at="2024-10-02T05:26:32 GMT" name="dashboardTest" finished-at="2024-10-02T05:26:35 GMT" depends-on-methods="org.automation.tests.vendorportal.VendorPortalTest.loginTest" duration-ms="3520" status="PASS">
          <reporter-output>
          </reporter-output>
        </test-method> <!-- dashboardTest -->
        <test-method signature="logoutTest()[pri:0, instance:org.automation.tests.vendorportal.VendorPortalTest@56673b2c]" started-at="2024-10-02T05:26:35 GMT" name="logoutTest" finished-at="2024-10-02T05:26:37 GMT" depends-on-methods="org.automation.tests.vendorportal.VendorPortalTest.dashboardTest" duration-ms="1471" status="PASS">
          <reporter-output>
          </reporter-output>
        </test-method> <!-- logoutTest -->
        <test-method is-config="true" signature="quitDriver()[pri:0, instance:org.automation.tests.vendorportal.VendorPortalTest@56673b2c]" started-at="2024-10-02T05:26:37 GMT" name="quitDriver" finished-at="2024-10-02T05:26:37 GMT" duration-ms="77" status="PASS">
          <reporter-output>
          </reporter-output>
        </test-method> <!-- quitDriver -->
      </class> <!-- org.automation.tests.vendorportal.VendorPortalTest -->
    </test> <!-- user-sam -->
  </suite> <!-- vendor-portal -->
</testng-results>
