<?xml version="1.0" encoding="UTF-8"?>
<testng-results ignored="0" total="10" passed="10" failed="0" skipped="0">
  <reporter-output>
  </reporter-output>
  <suite started-at="2024-10-02T05:12:47 GMT" name="flight-reservation" finished-at="2024-10-02T05:12:58 GMT" duration-ms="10947">
    <groups>
    </groups>
    <test started-at="2024-10-02T05:12:47 GMT" name="passengers-count-1" finished-at="2024-10-02T05:12:57 GMT" duration-ms="10342">
      <class name="org.automation.tests.flightreservation.FlightReservationTest">
        <test-method is-config="true" signature="setDriver(org.testng.ITestContext)[pri:0, instance:org.automation.tests.flightreservation.FlightReservationTest@b4711e2]" started-at="2024-10-02T05:12:47 GMT" name="setDriver" finished-at="2024-10-02T05:12:49 GMT" duration-ms="1672" status="PASS">
          <params>
            <param index="0">
              <value>
                <![CDATA[org.testng.TestRunner@5d12a356]]>
              </value>
            </param>
          </params>
          <reporter-output>
          </reporter-output>
        </test-method> <!-- setDriver -->
        <test-method is-config="true" signature="setParameters(java.lang.String)[pri:0, instance:org.automation.tests.flightreservation.FlightReservationTest@b4711e2]" started-at="2024-10-02T05:12:49 GMT" name="setParameters" finished-at="2024-10-02T05:12:49 GMT" depends-on-methods="org.automation.tests.AbstractTest.setDriver" duration-ms="162" status="PASS">
          <params>
            <param index="0">
              <value>
                <![CDATA[test-data/flight-reservation/passenger-1.json]]>
              </value>
            </param>
          </params>
          <reporter-output>
          </reporter-output>
        </test-method> <!-- setParameters -->
        <test-method signature="userRegistrationTest()[pri:0, instance:org.automation.tests.flightreservation.FlightReservationTest@b4711e2]" started-at="2024-10-02T05:12:49 GMT" name="userRegistrationTest" finished-at="2024-10-02T05:12:51 GMT" duration-ms="1697" status="PASS">
          <reporter-output>
          </reporter-output>
        </test-method> <!-- userRegistrationTest -->
        <test-method signature="registrationConfirmationTest()[pri:0, instance:org.automation.tests.flightreservation.FlightReservationTest@b4711e2]" started-at="2024-10-02T05:12:51 GMT" name="registrationConfirmationTest" finished-at="2024-10-02T05:12:52 GMT" depends-on-methods="org.automation.tests.flightreservation.FlightReservationTest.userRegistrationTest" duration-ms="1793" status="PASS">
          <reporter-output>
          </reporter-output>
        </test-method> <!-- registrationConfirmationTest -->
        <test-method signature="flightsSearchTest()[pri:0, instance:org.automation.tests.flightreservation.FlightReservationTest@b4711e2]" started-at="2024-10-02T05:12:52 GMT" name="flightsSearchTest" finished-at="2024-10-02T05:12:54 GMT" depends-on-methods="org.automation.tests.flightreservation.FlightReservationTest.registrationConfirmationTest" duration-ms="1911" status="PASS">
          <reporter-output>
          </reporter-output>
        </test-method> <!-- flightsSearchTest -->
        <test-method signature="flightSelectionTest()[pri:0, instance:org.automation.tests.flightreservation.FlightReservationTest@b4711e2]" started-at="2024-10-02T05:12:54 GMT" name="flightSelectionTest" finished-at="2024-10-02T05:12:56 GMT" depends-on-methods="org.automation.tests.flightreservation.FlightReservationTest.flightsSearchTest" duration-ms="1320" status="PASS">
          <reporter-output>
          </reporter-output>
        </test-method> <!-- flightSelectionTest -->
        <test-method signature="flightReservationConfirmationTest()[pri:0, instance:org.automation.tests.flightreservation.FlightReservationTest@b4711e2]" started-at="2024-10-02T05:12:56 GMT" name="flightReservationConfirmationTest" finished-at="2024-10-02T05:12:56 GMT" depends-on-methods="org.automation.tests.flightreservation.FlightReservationTest.flightSelectionTest" duration-ms="681" status="PASS">
          <reporter-output>
          </reporter-output>
        </test-method> <!-- flightReservationConfirmationTest -->
        <test-method is-config="true" signature="quitDriver()[pri:0, instance:org.automation.tests.flightreservation.FlightReservationTest@b4711e2]" started-at="2024-10-02T05:12:56 GMT" name="quitDriver" finished-at="2024-10-02T05:12:57 GMT" duration-ms="1084" status="PASS">
          <reporter-output>
          </reporter-output>
        </test-method> <!-- quitDriver -->
      </class> <!-- org.automation.tests.flightreservation.FlightReservationTest -->
    </test> <!-- passengers-count-1 -->
    <test started-at="2024-10-02T05:12:47 GMT" name="passengers-count-2" finished-at="2024-10-02T05:12:58 GMT" duration-ms="10947">
      <class name="org.automation.tests.flightreservation.FlightReservationTest">
        <test-method is-config="true" signature="setupConfig()[pri:0, instance:org.automation.tests.flightreservation.FlightReservationTest@5ba88be8]" started-at="2024-10-02T05:12:47 GMT" name="setupConfig" finished-at="2024-10-02T05:12:47 GMT" duration-ms="13" status="PASS">
          <reporter-output>
          </reporter-output>
        </test-method> <!-- setupConfig -->
        <test-method is-config="true" signature="setDriver(org.testng.ITestContext)[pri:0, instance:org.automation.tests.flightreservation.FlightReservationTest@5ba88be8]" started-at="2024-10-02T05:12:47 GMT" name="setDriver" finished-at="2024-10-02T05:12:49 GMT" duration-ms="1670" status="PASS">
          <params>
            <param index="0">
              <value>
                <![CDATA[org.testng.TestRunner@134d26af]]>
              </value>
            </param>
          </params>
          <reporter-output>
          </reporter-output>
        </test-method> <!-- setDriver -->
        <test-method is-config="true" signature="setParameters(java.lang.String)[pri:0, instance:org.automation.tests.flightreservation.FlightReservationTest@5ba88be8]" started-at="2024-10-02T05:12:49 GMT" name="setParameters" finished-at="2024-10-02T05:12:49 GMT" depends-on-methods="org.automation.tests.AbstractTest.setDriver" duration-ms="164" status="PASS">
          <params>
            <param index="0">
              <value>
                <![CDATA[test-data/flight-reservation/passenger-2.json]]>
              </value>
            </param>
          </params>
          <reporter-output>
          </reporter-output>
        </test-method> <!-- setParameters -->
        <test-method signature="userRegistrationTest()[pri:0, instance:org.automation.tests.flightreservation.FlightReservationTest@5ba88be8]" started-at="2024-10-02T05:12:49 GMT" name="userRegistrationTest" finished-at="2024-10-02T05:12:51 GMT" duration-ms="1656" status="PASS">
          <reporter-output>
          </reporter-output>
        </test-method> <!-- userRegistrationTest -->
        <test-method signature="registrationConfirmationTest()[pri:0, instance:org.automation.tests.flightreservation.FlightReservationTest@5ba88be8]" started-at="2024-10-02T05:12:51 GMT" name="registrationConfirmationTest" finished-at="2024-10-02T05:12:52 GMT" depends-on-methods="org.automation.tests.flightreservation.FlightReservationTest.userRegistrationTest" duration-ms="1265" status="PASS">
          <reporter-output>
          </reporter-output>
        </test-method> <!-- registrationConfirmationTest -->
        <test-method signature="flightsSearchTest()[pri:0, instance:org.automation.tests.flightreservation.FlightReservationTest@5ba88be8]" started-at="2024-10-02T05:12:52 GMT" name="flightsSearchTest" finished-at="2024-10-02T05:12:54 GMT" depends-on-methods="org.automation.tests.flightreservation.FlightReservationTest.registrationConfirmationTest" duration-ms="1938" status="PASS">
          <reporter-output>
          </reporter-output>
        </test-method> <!-- flightsSearchTest -->
        <test-method signature="flightSelectionTest()[pri:0, instance:org.automation.tests.flightreservation.FlightReservationTest@5ba88be8]" started-at="2024-10-02T05:12:54 GMT" name="flightSelectionTest" finished-at="2024-10-02T05:12:55 GMT" depends-on-methods="org.automation.tests.flightreservation.FlightReservationTest.flightsSearchTest" duration-ms="821" status="PASS">
          <reporter-output>
          </reporter-output>
        </test-method> <!-- flightSelectionTest -->
        <test-method signature="flightReservationConfirmationTest()[pri:0, instance:org.automation.tests.flightreservation.FlightReservationTest@5ba88be8]" started-at="2024-10-02T05:12:55 GMT" name="flightReservationConfirmationTest" finished-at="2024-10-02T05:12:57 GMT" depends-on-methods="org.automation.tests.flightreservation.FlightReservationTest.flightSelectionTest" duration-ms="2265" status="PASS">
          <reporter-output>
          </reporter-output>
        </test-method> <!-- flightReservationConfirmationTest -->
        <test-method is-config="true" signature="quitDriver()[pri:0, instance:org.automation.tests.flightreservation.FlightReservationTest@5ba88be8]" started-at="2024-10-02T05:12:57 GMT" name="quitDriver" finished-at="2024-10-02T05:12:58 GMT" duration-ms="1144" status="PASS">
          <reporter-output>
          </reporter-output>
        </test-method> <!-- quitDriver -->
      </class> <!-- org.automation.tests.flightreservation.FlightReservationTest -->
    </test> <!-- passengers-count-2 -->
  </suite> <!-- flight-reservation -->
</testng-results>
