<?xml version="1.0" encoding="UTF-8"?>
<testng-results ignored="0" total="10" passed="10" failed="0" skipped="0">
  <reporter-output>
  </reporter-output>
  <suite started-at="2024-10-02T05:26:29 GMT" name="flight-reservation" finished-at="2024-10-02T05:26:42 GMT" duration-ms="13387">
    <groups>
    </groups>
    <test started-at="2024-10-02T05:26:29 GMT" name="passengers-count-1" finished-at="2024-10-02T05:26:42 GMT" duration-ms="12779">
      <class name="org.automation.tests.flightreservation.FlightReservationTest">
        <test-method is-config="true" signature="setDriver(org.testng.ITestContext)[pri:0, instance:org.automation.tests.flightreservation.FlightReservationTest@2796aeae]" started-at="2024-10-02T05:26:29 GMT" name="setDriver" finished-at="2024-10-02T05:26:30 GMT" duration-ms="1658" status="PASS">
          <params>
            <param index="0">
              <value>
                <![CDATA[org.testng.TestRunner@5d12a356]]>
              </value>
            </param>
          </params>
          <reporter-output>
          </reporter-output>
        </test-method> <!-- setDriver -->
        <test-method is-config="true" signature="setParameters(java.lang.String)[pri:0, instance:org.automation.tests.flightreservation.FlightReservationTest@2796aeae]" started-at="2024-10-02T05:26:30 GMT" name="setParameters" finished-at="2024-10-02T05:26:31 GMT" depends-on-methods="org.automation.tests.AbstractTest.setDriver" duration-ms="172" status="PASS">
          <params>
            <param index="0">
              <value>
                <![CDATA[test-data/flight-reservation/passenger-1.json]]>
              </value>
            </param>
          </params>
          <reporter-output>
          </reporter-output>
        </test-method> <!-- setParameters -->
        <test-method signature="userRegistrationTest()[pri:0, instance:org.automation.tests.flightreservation.FlightReservationTest@2796aeae]" started-at="2024-10-02T05:26:31 GMT" name="userRegistrationTest" finished-at="2024-10-02T05:26:32 GMT" duration-ms="1534" status="PASS">
          <reporter-output>
          </reporter-output>
        </test-method> <!-- userRegistrationTest -->
        <test-method signature="registrationConfirmationTest()[pri:0, instance:org.automation.tests.flightreservation.FlightReservationTest@2796aeae]" started-at="2024-10-02T05:26:32 GMT" name="registrationConfirmationTest" finished-at="2024-10-02T05:26:34 GMT" depends-on-methods="org.automation.tests.flightreservation.FlightReservationTest.userRegistrationTest" duration-ms="2336" status="PASS">
          <reporter-output>
          </reporter-output>
        </test-method> <!-- registrationConfirmationTest -->
        <test-method signature="flightsSearchTest()[pri:0, instance:org.automation.tests.flightreservation.FlightReservationTest@2796aeae]" started-at="2024-10-02T05:26:34 GMT" name="flightsSearchTest" finished-at="2024-10-02T05:26:36 GMT" depends-on-methods="org.automation.tests.flightreservation.FlightReservationTest.registrationConfirmationTest" duration-ms="1857" status="PASS">
          <reporter-output>
          </reporter-output>
        </test-method> <!-- flightsSearchTest -->
        <test-method signature="flightSelectionTest()[pri:0, instance:org.automation.tests.flightreservation.FlightReservationTest@2796aeae]" started-at="2024-10-02T05:26:36 GMT" name="flightSelectionTest" finished-at="2024-10-02T05:26:38 GMT" depends-on-methods="org.automation.tests.flightreservation.FlightReservationTest.flightsSearchTest" duration-ms="1841" status="PASS">
          <reporter-output>
          </reporter-output>
        </test-method> <!-- flightSelectionTest -->
        <test-method signature="flightReservationConfirmationTest()[pri:0, instance:org.automation.tests.flightreservation.FlightReservationTest@2796aeae]" started-at="2024-10-02T05:26:38 GMT" name="flightReservationConfirmationTest" finished-at="2024-10-02T05:26:40 GMT" depends-on-methods="org.automation.tests.flightreservation.FlightReservationTest.flightSelectionTest" duration-ms="2274" status="PASS">
          <reporter-output>
          </reporter-output>
        </test-method> <!-- flightReservationConfirmationTest -->
        <test-method is-config="true" signature="quitDriver()[pri:0, instance:org.automation.tests.flightreservation.FlightReservationTest@2796aeae]" started-at="2024-10-02T05:26:40 GMT" name="quitDriver" finished-at="2024-10-02T05:26:42 GMT" duration-ms="1083" status="PASS">
          <reporter-output>
          </reporter-output>
        </test-method> <!-- quitDriver -->
      </class> <!-- org.automation.tests.flightreservation.FlightReservationTest -->
    </test> <!-- passengers-count-1 -->
    <test started-at="2024-10-02T05:26:29 GMT" name="passengers-count-2" finished-at="2024-10-02T05:26:42 GMT" duration-ms="13387">
      <class name="org.automation.tests.flightreservation.FlightReservationTest">
        <test-method is-config="true" signature="setupConfig()[pri:0, instance:org.automation.tests.flightreservation.FlightReservationTest@5ba88be8]" started-at="2024-10-02T05:26:29 GMT" name="setupConfig" finished-at="2024-10-02T05:26:29 GMT" duration-ms="12" status="PASS">
          <reporter-output>
          </reporter-output>
        </test-method> <!-- setupConfig -->
        <test-method is-config="true" signature="setDriver(org.testng.ITestContext)[pri:0, instance:org.automation.tests.flightreservation.FlightReservationTest@5ba88be8]" started-at="2024-10-02T05:26:29 GMT" name="setDriver" finished-at="2024-10-02T05:26:30 GMT" duration-ms="1658" status="PASS">
          <params>
            <param index="0">
              <value>
                <![CDATA[org.testng.TestRunner@134d26af]]>
              </value>
            </param>
          </params>
          <reporter-output>
          </reporter-output>
        </test-method> <!-- setDriver -->
        <test-method is-config="true" signature="setParameters(java.lang.String)[pri:0, instance:org.automation.tests.flightreservation.FlightReservationTest@5ba88be8]" started-at="2024-10-02T05:26:30 GMT" name="setParameters" finished-at="2024-10-02T05:26:31 GMT" depends-on-methods="org.automation.tests.AbstractTest.setDriver" duration-ms="172" status="PASS">
          <params>
            <param index="0">
              <value>
                <![CDATA[test-data/flight-reservation/passenger-2.json]]>
              </value>
            </param>
          </params>
          <reporter-output>
          </reporter-output>
        </test-method> <!-- setParameters -->
        <test-method signature="userRegistrationTest()[pri:0, instance:org.automation.tests.flightreservation.FlightReservationTest@5ba88be8]" started-at="2024-10-02T05:26:31 GMT" name="userRegistrationTest" finished-at="2024-10-02T05:26:32 GMT" duration-ms="1584" status="PASS">
          <reporter-output>
          </reporter-output>
        </test-method> <!-- userRegistrationTest -->
        <test-method signature="registrationConfirmationTest()[pri:0, instance:org.automation.tests.flightreservation.FlightReservationTest@5ba88be8]" started-at="2024-10-02T05:26:32 GMT" name="registrationConfirmationTest" finished-at="2024-10-02T05:26:34 GMT" depends-on-methods="org.automation.tests.flightreservation.FlightReservationTest.userRegistrationTest" duration-ms="1777" status="PASS">
          <reporter-output>
          </reporter-output>
        </test-method> <!-- registrationConfirmationTest -->
        <test-method signature="flightsSearchTest()[pri:0, instance:org.automation.tests.flightreservation.FlightReservationTest@5ba88be8]" started-at="2024-10-02T05:26:34 GMT" name="flightsSearchTest" finished-at="2024-10-02T05:26:36 GMT" depends-on-methods="org.automation.tests.flightreservation.FlightReservationTest.registrationConfirmationTest" duration-ms="1942" status="PASS">
          <reporter-output>
          </reporter-output>
        </test-method> <!-- flightsSearchTest -->
        <test-method signature="flightSelectionTest()[pri:0, instance:org.automation.tests.flightreservation.FlightReservationTest@5ba88be8]" started-at="2024-10-02T05:26:36 GMT" name="flightSelectionTest" finished-at="2024-10-02T05:26:39 GMT" depends-on-methods="org.automation.tests.flightreservation.FlightReservationTest.flightsSearchTest" duration-ms="2912" status="PASS">
          <reporter-output>
          </reporter-output>
        </test-method> <!-- flightSelectionTest -->
        <test-method signature="flightReservationConfirmationTest()[pri:0, instance:org.automation.tests.flightreservation.FlightReservationTest@5ba88be8]" started-at="2024-10-02T05:26:39 GMT" name="flightReservationConfirmationTest" finished-at="2024-10-02T05:26:41 GMT" depends-on-methods="org.automation.tests.flightreservation.FlightReservationTest.flightSelectionTest" duration-ms="2244" status="PASS">
          <reporter-output>
          </reporter-output>
        </test-method> <!-- flightReservationConfirmationTest -->
        <test-method is-config="true" signature="quitDriver()[pri:0, instance:org.automation.tests.flightreservation.FlightReservationTest@5ba88be8]" started-at="2024-10-02T05:26:41 GMT" name="quitDriver" finished-at="2024-10-02T05:26:42 GMT" duration-ms="1076" status="PASS">
          <reporter-output>
          </reporter-output>
        </test-method> <!-- quitDriver -->
      </class> <!-- org.automation.tests.flightreservation.FlightReservationTest -->
    </test> <!-- passengers-count-2 -->
  </suite> <!-- flight-reservation -->
</testng-results>
